<?xml version="1.0" encoding="UTF-8"?>
<!-- Generated by org.testng.reporters.JUnitXMLReporter -->
<testsuite ignored="0" hostname="MJ0AKW9S" failures="0" tests="18" name="Default test" time="0.088" errors="0" timestamp="2021-12-08T13:58:20 CST">
  <testcase classname="com.EchoPark.TestBase.BaseClass" name="@BeforeClass setup" time="-1.638993499893E9">
    <failure type="org.testng.TestNGException" message="
Parameter &amp;apos;browser&amp;apos; is required by BeforeClass on method setup but has not been marked @Optional or defined
in C:\Users\radhe.shyam\AppData\Local\Temp\testng-eclipse--739654722\testng-customsuite.xml">
      <![CDATA[org.testng.TestNGException: 
Parameter 'browser' is required by BeforeClass on method setup but has not been marked @Optional or defined
in C:\Users\radhe.shyam\AppData\Local\Temp\testng-eclipse--739654722\testng-customsuite.xml
at org.testng.internal.Parameters.createParams(Parameters.java:268)
at org.testng.internal.Parameters.createParametersForMethod(Parameters.java:356)
at org.testng.internal.Parameters.createParameters(Parameters.java:700)
at org.testng.internal.Parameters.createConfigurationParameters(Parameters.java:166)
at org.testng.internal.ConfigInvoker.invokeConfigurations(ConfigInvoker.java:301)
at org.testng.internal.TestMethodWorker.invokeBeforeClassMethods(TestMethodWorker.java:176)
at org.testng.internal.TestMethodWorker.run(TestMethodWorker.java:122)
at java.base/java.util.ArrayList.forEach(ArrayList.java:1511)
at org.testng.TestRunner.privateRun(TestRunner.java:764)
at org.testng.TestRunner.run(TestRunner.java:585)
at org.testng.SuiteRunner.runTest(SuiteRunner.java:384)
at org.testng.SuiteRunner.runSequentially(SuiteRunner.java:378)
at org.testng.SuiteRunner.privateRun(SuiteRunner.java:337)
at org.testng.SuiteRunner.run(SuiteRunner.java:286)
at org.testng.SuiteRunnerWorker.runSuite(SuiteRunnerWorker.java:53)
at org.testng.SuiteRunnerWorker.run(SuiteRunnerWorker.java:96)
at org.testng.TestNG.runSuitesSequentially(TestNG.java:1218)
at org.testng.TestNG.runSuitesLocally(TestNG.java:1140)
at org.testng.TestNG.runSuites(TestNG.java:1069)
at org.testng.TestNG.run(TestNG.java:1037)
at org.testng.remote.AbstractRemoteTestNG.run(AbstractRemoteTestNG.java:115)
at org.testng.remote.RemoteTestNG.initAndRun(RemoteTestNG.java:251)
at org.testng.remote.RemoteTestNG.main(RemoteTestNG.java:77)
]]>
    </failure>
  </testcase> <!-- @BeforeClass setup -->
  <testcase classname="com.EchoPark.TestBase.BaseClass" name="@AfterClass tearDown" time="-1.638993499964E9">
    <skipped/>
  </testcase> <!-- @AfterClass tearDown -->
  <testcase classname="com.EchoPark.TestCases.TC_LoginTest0001" name="loginTest_NoUname" time="0.0">
    <skipped/>
  </testcase> <!-- loginTest_NoUname -->
  <testcase classname="com.EchoPark.TestCases.TC_LoginTest0001" name="loginTest_NoPwd" time="0.0">
    <skipped/>
  </testcase> <!-- loginTest_NoPwd -->
  <testcase classname="com.EchoPark.TestCases.TC_LoginTest0001" name="loginTest_InvalidUname" time="0.0">
    <skipped/>
  </testcase> <!-- loginTest_InvalidUname -->
  <testcase classname="com.EchoPark.TestCases.TC_LoginTest0001" name="loginTest_InvalidIdPwd" time="0.0">
    <skipped/>
  </testcase> <!-- loginTest_InvalidIdPwd -->
  <testcase classname="com.EchoPark.TestCases.TC_LoginTest0001" name="loginTest_loginFrameVerbiage" time="0.0">
    <skipped/>
  </testcase> <!-- loginTest_loginFrameVerbiage -->
  <testcase classname="com.EchoPark.TestCases.TC_LoginTest0001" name="loginTest_loginFrameFoot" time="0.0">
    <skipped/>
  </testcase> <!-- loginTest_loginFrameFoot -->
  <testcase classname="com.EchoPark.TestCases.TC_LoginTest0001" name="loginTest_Happypath" time="0.0">
    <skipped/>
  </testcase> <!-- loginTest_Happypath -->
  <testcase classname="com.EchoPark.TestCases.TC_LoginTest0001" name="LoginTest_ForgotPwd" time="0.0">
    <skipped/>
  </testcase> <!-- LoginTest_ForgotPwd -->
  <testcase classname="com.EchoPark.TestCases.TC_LoginTest0001" name="RestPwd_EmailValidation" time="0.0">
    <skipped/>
  </testcase> <!-- RestPwd_EmailValidation -->
  <testcase classname="com.EchoPark.TestCases.TC_LoginTest0001" name="Login_ContactNum_Validation" time="0.0">
    <skipped/>
  </testcase> <!-- Login_ContactNum_Validation -->
  <testcase classname="com.EchoPark.TestCases.TC_LoginTest0001" name="LoginTest_Validate_PhNumber" time="0.0">
    <skipped/>
  </testcase> <!-- LoginTest_Validate_PhNumber -->
  <testcase classname="com.EchoPark.TestCases.TC_LoginTest0001" name="LoginTest_WeekInfo_Banner" time="0.0">
    <skipped/>
  </testcase> <!-- LoginTest_WeekInfo_Banner -->
  <testcase classname="com.EchoPark.TestCases.TC_LoginTest0001" name="LoginTest_TimingInfo_Banner" time="0.0">
    <skipped/>
  </testcase> <!-- LoginTest_TimingInfo_Banner -->
  <testcase classname="com.EchoPark.TestCases.TC_LoginTest0001" name="ForgotPwd_ValidEmail_validatation" time="0.0">
    <skipped/>
  </testcase> <!-- ForgotPwd_ValidEmail_validatation -->
  <testcase classname="com.EchoPark.TestCases.TC_LoginTest0001" name="LoginTest_InvalidPwd" time="0.0">
    <skipped/>
  </testcase> <!-- LoginTest_InvalidPwd -->
  <testcase classname="com.EchoPark.TestCases.TC_LoginTest0001" name="ResetPwdLink_Mailtrap" time="0.0">
    <skipped/>
  </testcase> <!-- ResetPwdLink_Mailtrap -->
  <testcase classname="com.EchoPark.TestCases.TC_LoginTest0001" name="LoginPage_logo_comparison" time="0.0">
    <skipped/>
  </testcase> <!-- LoginPage_logo_comparison -->
  <testcase classname="com.EchoPark.TestCases.TC_LoginTest0001" name="LoginPage_ContactUS_Email" time="0.0">
    <skipped/>
  </testcase> <!-- LoginPage_ContactUS_Email -->
</testsuite> <!-- Default test -->
