<!DOCTYPE html>

<html>
  <head>
  <meta charset='utf-8'>
  <title>TestNG reports</title>

    <link type="text/css" href="testng-reports1.css" rel="stylesheet" id="ultra" />
    <link type="text/css" href="testng-reports.css" rel="stylesheet" id="retro" disabled="false"/>
    <script type="text/javascript" src="jquery-3.4.1.min.js"></script>
    <script type="text/javascript" src="testng-reports.js"></script>
    <script type="text/javascript" src="https://www.google.com/jsapi"></script>
    <script type='text/javascript'>
      google.load('visualization', '1', {packages:['table']});
      google.setOnLoadCallback(drawTable);
      var suiteTableInitFunctions = new Array();
      var suiteTableData = new Array();
    </script>
    <!--
      <script type="text/javascript" src="jquery-ui/js/jquery-ui-1.8.16.custom.min.js"></script>
     -->
  </head>

  <body>
    <div class="top-banner-root">
      <span class="top-banner-title-font">Test results</span>
      <button id="button" class="button">Switch Retro Theme</button> <!-- button -->
      <br/>
      <span class="top-banner-font-1">1 suite, 7 failed tests</span>
    </div> <!-- top-banner-root -->
    <div class="navigator-root">
      <div class="navigator-suite-header">
        <span>All suites</span>
        <a href="#" title="Collapse/expand all the suites" class="collapse-all-link">
          <img src="collapseall.gif" class="collapse-all-icon">
          </img> <!-- collapse-all-icon -->
        </a> <!-- collapse-all-link -->
      </div> <!-- navigator-suite-header -->
      <div class="suite">
        <div class="rounded-window">
          <div class="suite-header light-rounded-window-top">
            <a href="#" panel-name="suite-EchoParkV0001" class="navigator-link">
              <span class="suite-name border-failed">EchoParkV0001</span>
            </a> <!-- navigator-link -->
          </div> <!-- suite-header light-rounded-window-top -->
          <div class="navigator-suite-content">
            <div class="suite-section-title">
              <span>Info</span>
            </div> <!-- suite-section-title -->
            <div class="suite-section-content">
              <ul>
                <li>
                  <a href="#" panel-name="test-xml-EchoParkV0001" class="navigator-link ">
                    <span>C:\Users\radhe.shyam\eclipse-workspace\EchoParkV001\testNG.xml</span>
                  </a> <!-- navigator-link  -->
                </li>
                <li>
                  <a href="#" panel-name="testlist-EchoParkV0001" class="navigator-link ">
                    <span class="test-stats">1 test</span>
                  </a> <!-- navigator-link  -->
                </li>
                <li>
                  <a href="#" panel-name="group-EchoParkV0001" class="navigator-link ">
                    <span>0 groups</span>
                  </a> <!-- navigator-link  -->
                </li>
                <li>
                  <a href="#" panel-name="times-EchoParkV0001" class="navigator-link ">
                    <span>Times</span>
                  </a> <!-- navigator-link  -->
                </li>
                <li>
                  <a href="#" panel-name="reporter-EchoParkV0001" class="navigator-link ">
                    <span>Reporter output</span>
                  </a> <!-- navigator-link  -->
                </li>
                <li>
                  <a href="#" panel-name="ignored-methods-EchoParkV0001" class="navigator-link ">
                    <span>Ignored methods</span>
                  </a> <!-- navigator-link  -->
                </li>
                <li>
                  <a href="#" panel-name="chronological-EchoParkV0001" class="navigator-link ">
                    <span>Chronological view</span>
                  </a> <!-- navigator-link  -->
                </li>
              </ul>
            </div> <!-- suite-section-content -->
            <div class="result-section">
              <div class="suite-section-title">
                <span>Results</span>
              </div> <!-- suite-section-title -->
              <div class="suite-section-content">
                <ul>
                  <li>
                    <span class="method-stats">18 methods, 7 failed,   11 passed</span>
                  </li>
                  <li>
                    <span class="method-list-title failed">Failed methods</span>
                    <span class="show-or-hide-methods failed">
                      <a href="#" panel-name="suite-EchoParkV0001" class="hide-methods failed suite-EchoParkV0001"> (hide)</a> <!-- hide-methods failed suite-EchoParkV0001 -->
                      <a href="#" panel-name="suite-EchoParkV0001" class="show-methods failed suite-EchoParkV0001"> (show)</a> <!-- show-methods failed suite-EchoParkV0001 -->
                    </span>
                    <div class="method-list-content failed suite-EchoParkV0001">
                      <span>
                        <img src="failed.png" width="3%"/>
                        <a href="#" panel-name="suite-EchoParkV0001" title="com.EchoPark.TestCases.TC_LoginTest0001" class="method navigator-link" hash-for-method="ForgotPwd_ValidEmail_validatation">ForgotPwd_ValidEmail_validatation</a> <!-- method navigator-link -->
                      </span>
                      <br/>
                      <span>
                        <img src="failed.png" width="3%"/>
                        <a href="#" panel-name="suite-EchoParkV0001" title="com.EchoPark.TestCases.TC_LoginTest0001" class="method navigator-link" hash-for-method="LoginPage_ContactUS_Email">LoginPage_ContactUS_Email</a> <!-- method navigator-link -->
                      </span>
                      <br/>
                      <span>
                        <img src="failed.png" width="3%"/>
                        <a href="#" panel-name="suite-EchoParkV0001" title="com.EchoPark.TestCases.TC_LoginTest0001" class="method navigator-link" hash-for-method="LoginPage_logo_comparison">LoginPage_logo_comparison</a> <!-- method navigator-link -->
                      </span>
                      <br/>
                      <span>
                        <img src="failed.png" width="3%"/>
                        <a href="#" panel-name="suite-EchoParkV0001" title="com.EchoPark.TestCases.TC_LoginTest0001" class="method navigator-link" hash-for-method="LoginTest_InvalidPwd">LoginTest_InvalidPwd</a> <!-- method navigator-link -->
                      </span>
                      <br/>
                      <span>
                        <img src="failed.png" width="3%"/>
                        <a href="#" panel-name="suite-EchoParkV0001" title="com.EchoPark.TestCases.TC_LoginTest0001" class="method navigator-link" hash-for-method="Login_ContactNum_Validation">Login_ContactNum_Validation</a> <!-- method navigator-link -->
                      </span>
                      <br/>
                      <span>
                        <img src="failed.png" width="3%"/>
                        <a href="#" panel-name="suite-EchoParkV0001" title="com.EchoPark.TestCases.TC_LoginTest0001" class="method navigator-link" hash-for-method="ResetPwdLink_Mailtrap">ResetPwdLink_Mailtrap</a> <!-- method navigator-link -->
                      </span>
                      <br/>
                      <span>
                        <img src="failed.png" width="3%"/>
                        <a href="#" panel-name="suite-EchoParkV0001" title="com.EchoPark.TestCases.TC_LoginTest0001" class="method navigator-link" hash-for-method="loginTest_Happypath">loginTest_Happypath</a> <!-- method navigator-link -->
                      </span>
                      <br/>
                    </div> <!-- method-list-content failed suite-EchoParkV0001 -->
                  </li>
                  <li>
                    <span class="method-list-title passed">Passed methods</span>
                    <span class="show-or-hide-methods passed">
                      <a href="#" panel-name="suite-EchoParkV0001" class="hide-methods passed suite-EchoParkV0001"> (hide)</a> <!-- hide-methods passed suite-EchoParkV0001 -->
                      <a href="#" panel-name="suite-EchoParkV0001" class="show-methods passed suite-EchoParkV0001"> (show)</a> <!-- show-methods passed suite-EchoParkV0001 -->
                    </span>
                    <div class="method-list-content passed suite-EchoParkV0001">
                      <span>
                        <img src="passed.png" width="3%"/>
                        <a href="#" panel-name="suite-EchoParkV0001" title="com.EchoPark.TestCases.TC_LoginTest0001" class="method navigator-link" hash-for-method="LoginTest_ForgotPwd">LoginTest_ForgotPwd</a> <!-- method navigator-link -->
                      </span>
                      <br/>
                      <span>
                        <img src="passed.png" width="3%"/>
                        <a href="#" panel-name="suite-EchoParkV0001" title="com.EchoPark.TestCases.TC_LoginTest0001" class="method navigator-link" hash-for-method="LoginTest_TimingInfo_Banner">LoginTest_TimingInfo_Banner</a> <!-- method navigator-link -->
                      </span>
                      <br/>
                      <span>
                        <img src="passed.png" width="3%"/>
                        <a href="#" panel-name="suite-EchoParkV0001" title="com.EchoPark.TestCases.TC_LoginTest0001" class="method navigator-link" hash-for-method="LoginTest_Validate_PhNumber">LoginTest_Validate_PhNumber</a> <!-- method navigator-link -->
                      </span>
                      <br/>
                      <span>
                        <img src="passed.png" width="3%"/>
                        <a href="#" panel-name="suite-EchoParkV0001" title="com.EchoPark.TestCases.TC_LoginTest0001" class="method navigator-link" hash-for-method="LoginTest_WeekInfo_Banner">LoginTest_WeekInfo_Banner</a> <!-- method navigator-link -->
                      </span>
                      <br/>
                      <span>
                        <img src="passed.png" width="3%"/>
                        <a href="#" panel-name="suite-EchoParkV0001" title="com.EchoPark.TestCases.TC_LoginTest0001" class="method navigator-link" hash-for-method="RestPwd_EmailValidation">RestPwd_EmailValidation</a> <!-- method navigator-link -->
                      </span>
                      <br/>
                      <span>
                        <img src="passed.png" width="3%"/>
                        <a href="#" panel-name="suite-EchoParkV0001" title="com.EchoPark.TestCases.TC_LoginTest0001" class="method navigator-link" hash-for-method="loginTest_InvalidIdPwd">loginTest_InvalidIdPwd</a> <!-- method navigator-link -->
                      </span>
                      <br/>
                      <span>
                        <img src="passed.png" width="3%"/>
                        <a href="#" panel-name="suite-EchoParkV0001" title="com.EchoPark.TestCases.TC_LoginTest0001" class="method navigator-link" hash-for-method="loginTest_InvalidUname">loginTest_InvalidUname</a> <!-- method navigator-link -->
                      </span>
                      <br/>
                      <span>
                        <img src="passed.png" width="3%"/>
                        <a href="#" panel-name="suite-EchoParkV0001" title="com.EchoPark.TestCases.TC_LoginTest0001" class="method navigator-link" hash-for-method="loginTest_NoPwd">loginTest_NoPwd</a> <!-- method navigator-link -->
                      </span>
                      <br/>
                      <span>
                        <img src="passed.png" width="3%"/>
                        <a href="#" panel-name="suite-EchoParkV0001" title="com.EchoPark.TestCases.TC_LoginTest0001" class="method navigator-link" hash-for-method="loginTest_NoUname">loginTest_NoUname</a> <!-- method navigator-link -->
                      </span>
                      <br/>
                      <span>
                        <img src="passed.png" width="3%"/>
                        <a href="#" panel-name="suite-EchoParkV0001" title="com.EchoPark.TestCases.TC_LoginTest0001" class="method navigator-link" hash-for-method="loginTest_loginFrameFoot">loginTest_loginFrameFoot</a> <!-- method navigator-link -->
                      </span>
                      <br/>
                      <span>
                        <img src="passed.png" width="3%"/>
                        <a href="#" panel-name="suite-EchoParkV0001" title="com.EchoPark.TestCases.TC_LoginTest0001" class="method navigator-link" hash-for-method="loginTest_loginFrameVerbiage">loginTest_loginFrameVerbiage</a> <!-- method navigator-link -->
                      </span>
                      <br/>
                    </div> <!-- method-list-content passed suite-EchoParkV0001 -->
                  </li>
                </ul>
              </div> <!-- suite-section-content -->
            </div> <!-- result-section -->
          </div> <!-- navigator-suite-content -->
        </div> <!-- rounded-window -->
      </div> <!-- suite -->
    </div> <!-- navigator-root -->
    <div class="wrapper">
      <div class="main-panel-root">
        <div panel-name="suite-EchoParkV0001" class="panel EchoParkV0001">
          <div class="suite-EchoParkV0001-class-failed">
            <div class="main-panel-header rounded-window-top">
              <img src="failed.png"/>
              <span class="class-name">com.EchoPark.TestCases.TC_LoginTest0001</span>
            </div> <!-- main-panel-header rounded-window-top -->
            <div class="main-panel-content rounded-window-bottom">
              <div class="method">
                <div class="method-content">
                  <a name="ForgotPwd_ValidEmail_validatation">
                  </a> <!-- ForgotPwd_ValidEmail_validatation -->
                  <span class="method-name">ForgotPwd_ValidEmail_validatation</span>
                  <div class="stack-trace">java.lang.AssertionError: expected [true] but found [false]
	at com.EchoPark.TestCases.TC_LoginTest0001.ForgotPwd_ValidEmail_validatation(TC_LoginTest0001.java:593)
	at java.base/java.util.ArrayList.forEach(ArrayList.java:1511)
	at java.base/java.util.concurrent.FutureTask.run(FutureTask.java:264)
	at java.base/java.util.concurrent.ThreadPoolExecutor.runWorker(ThreadPoolExecutor.java:1130)
	at java.base/java.util.concurrent.ThreadPoolExecutor$Worker.run(ThreadPoolExecutor.java:630)
	at java.base/java.lang.Thread.run(Thread.java:832)
... Removed 22 stack frames
</div> <!-- stack-trace -->
                </div> <!-- method-content -->
              </div> <!-- method -->
              <div class="method">
                <div class="method-content">
                  <a name="LoginPage_ContactUS_Email">
                  </a> <!-- LoginPage_ContactUS_Email -->
                  <span class="method-name">LoginPage_ContactUS_Email</span>
                  <div class="stack-trace">org.openqa.selenium.NoSuchWindowException: no such window: target window already closed
from unknown error: web view not found
  (Session info: chrome=90.0.4430.93)
Build info: version: &apos;4.0.0-alpha-3&apos;, revision: &apos;8c567de6dc&apos;
System info: host: &apos;MJ0AKW9S&apos;, ip: &apos;192.168.0.16&apos;, os.name: &apos;Windows 10&apos;, os.arch: &apos;amd64&apos;, os.version: &apos;10.0&apos;, java.version: &apos;15.0.2&apos;
Driver info: org.openqa.selenium.chrome.ChromeDriver
Capabilities {acceptInsecureCerts: false, browserName: chrome, browserVersion: 90.0.4430.93, chrome: {chromedriverVersion: 90.0.4430.24 (4c6d850f087da..., userDataDir: C:\Users\RADHE~1.SHY\AppDat...}, goog:chromeOptions: {debuggerAddress: localhost:55163}, javascriptEnabled: true, networkConnectionEnabled: false, pageLoadStrategy: normal, platform: WINDOWS, platformName: WINDOWS, proxy: Proxy(), setWindowRect: true, strictFileInteractability: false, timeouts: {implicit: 0, pageLoad: 300000, script: 30000}, unhandledPromptBehavior: dismiss and notify, webauthn:extension:largeBlob: true, webauthn:virtualAuthenticators: true}
Session ID: 4f54613e18be9de7181848fbcf19fc9c
	at org.openqa.selenium.remote.codec.w3c.W3CHttpResponseCodec.createException(W3CHttpResponseCodec.java:191)
	at org.openqa.selenium.remote.codec.w3c.W3CHttpResponseCodec.decode(W3CHttpResponseCodec.java:125)
	at org.openqa.selenium.remote.codec.w3c.W3CHttpResponseCodec.decode(W3CHttpResponseCodec.java:52)
	at org.openqa.selenium.remote.HttpCommandExecutor.execute(HttpCommandExecutor.java:161)
	at org.openqa.selenium.remote.service.DriverCommandExecutor.execute(DriverCommandExecutor.java:83)
	at org.openqa.selenium.remote.RemoteWebDriver.execute(RemoteWebDriver.java:576)
	at org.openqa.selenium.remote.RemoteWebDriver.get(RemoteWebDriver.java:276)
	at com.EchoPark.TestCases.TC_LoginTest0001.LoginPage_ContactUS_Email(TC_LoginTest0001.java:732)
	at java.base/java.util.ArrayList.forEach(ArrayList.java:1511)
	at java.base/java.util.concurrent.FutureTask.run(FutureTask.java:264)
	at java.base/java.util.concurrent.ThreadPoolExecutor.runWorker(ThreadPoolExecutor.java:1130)
	at java.base/java.util.concurrent.ThreadPoolExecutor$Worker.run(ThreadPoolExecutor.java:630)
	at java.base/java.lang.Thread.run(Thread.java:832)
... Removed 23 stack frames
</div> <!-- stack-trace -->
                </div> <!-- method-content -->
              </div> <!-- method -->
              <div class="method">
                <div class="method-content">
                  <a name="LoginPage_logo_comparison">
                  </a> <!-- LoginPage_logo_comparison -->
                  <span class="method-name">LoginPage_logo_comparison</span>
                  <div class="stack-trace">org.openqa.selenium.NoSuchWindowException: no such window: target window already closed
from unknown error: web view not found
  (Session info: chrome=90.0.4430.93)
Build info: version: &apos;4.0.0-alpha-3&apos;, revision: &apos;8c567de6dc&apos;
System info: host: &apos;MJ0AKW9S&apos;, ip: &apos;192.168.0.16&apos;, os.name: &apos;Windows 10&apos;, os.arch: &apos;amd64&apos;, os.version: &apos;10.0&apos;, java.version: &apos;15.0.2&apos;
Driver info: org.openqa.selenium.chrome.ChromeDriver
Capabilities {acceptInsecureCerts: false, browserName: chrome, browserVersion: 90.0.4430.93, chrome: {chromedriverVersion: 90.0.4430.24 (4c6d850f087da..., userDataDir: C:\Users\RADHE~1.SHY\AppDat...}, goog:chromeOptions: {debuggerAddress: localhost:55163}, javascriptEnabled: true, networkConnectionEnabled: false, pageLoadStrategy: normal, platform: WINDOWS, platformName: WINDOWS, proxy: Proxy(), setWindowRect: true, strictFileInteractability: false, timeouts: {implicit: 0, pageLoad: 300000, script: 30000}, unhandledPromptBehavior: dismiss and notify, webauthn:extension:largeBlob: true, webauthn:virtualAuthenticators: true}
Session ID: 4f54613e18be9de7181848fbcf19fc9c
	at org.openqa.selenium.remote.codec.w3c.W3CHttpResponseCodec.createException(W3CHttpResponseCodec.java:191)
	at org.openqa.selenium.remote.codec.w3c.W3CHttpResponseCodec.decode(W3CHttpResponseCodec.java:125)
	at org.openqa.selenium.remote.codec.w3c.W3CHttpResponseCodec.decode(W3CHttpResponseCodec.java:52)
	at org.openqa.selenium.remote.HttpCommandExecutor.execute(HttpCommandExecutor.java:161)
	at org.openqa.selenium.remote.service.DriverCommandExecutor.execute(DriverCommandExecutor.java:83)
	at org.openqa.selenium.remote.RemoteWebDriver.execute(RemoteWebDriver.java:576)
	at org.openqa.selenium.remote.RemoteWebDriver.get(RemoteWebDriver.java:276)
	at com.EchoPark.TestCases.TC_LoginTest0001.LoginPage_logo_comparison(TC_LoginTest0001.java:714)
	at java.base/java.util.ArrayList.forEach(ArrayList.java:1511)
	at java.base/java.util.concurrent.FutureTask.run(FutureTask.java:264)
	at java.base/java.util.concurrent.ThreadPoolExecutor.runWorker(ThreadPoolExecutor.java:1130)
	at java.base/java.util.concurrent.ThreadPoolExecutor$Worker.run(ThreadPoolExecutor.java:630)
	at java.base/java.lang.Thread.run(Thread.java:832)
... Removed 23 stack frames
</div> <!-- stack-trace -->
                </div> <!-- method-content -->
              </div> <!-- method -->
              <div class="method">
                <div class="method-content">
                  <a name="LoginTest_InvalidPwd">
                  </a> <!-- LoginTest_InvalidPwd -->
                  <span class="method-name">LoginTest_InvalidPwd</span>
                  <div class="stack-trace">org.openqa.selenium.NoSuchElementException: Cannot locate an element using xpath=//strong[contains(text(),&apos;These credentials do not match our records.&apos;)]
For documentation on this error, please visit: https://www.seleniumhq.org/exceptions/no_such_element.html
Build info: version: &apos;4.0.0-alpha-3&apos;, revision: &apos;8c567de6dc&apos;
System info: host: &apos;MJ0AKW9S&apos;, ip: &apos;192.168.0.16&apos;, os.name: &apos;Windows 10&apos;, os.arch: &apos;amd64&apos;, os.version: &apos;10.0&apos;, java.version: &apos;15.0.2&apos;
Driver info: driver.version: RemoteWebDriver
	at org.openqa.selenium.remote.RemoteWebDriver.findElement(RemoteWebDriver.java:330)
	at org.openqa.selenium.remote.RemoteWebDriver.findElementByXPath(RemoteWebDriver.java:445)
	at org.openqa.selenium.By$ByXPath.findElement(By.java:396)
	at org.openqa.selenium.remote.RemoteWebDriver.findElement(RemoteWebDriver.java:319)
	at org.openqa.selenium.support.pagefactory.DefaultElementLocator.findElement(DefaultElementLocator.java:70)
	at org.openqa.selenium.support.pagefactory.internal.LocatingElementHandler.invoke(LocatingElementHandler.java:39)
	at com.sun.proxy.$Proxy27.getText(Unknown Source)
	at com.EchoPark.PageObjects.LoginPage.Login_CrentialsInvalid_Msg(LoginPage.java:178)
	at com.EchoPark.TestCases.TC_LoginTest0001.LoginTest_InvalidPwd(TC_LoginTest0001.java:667)
	at java.base/java.util.ArrayList.forEach(ArrayList.java:1511)
	at java.base/java.util.concurrent.FutureTask.run(FutureTask.java:264)
	at java.base/java.util.concurrent.ThreadPoolExecutor.runWorker(ThreadPoolExecutor.java:1130)
	at java.base/java.util.concurrent.ThreadPoolExecutor$Worker.run(ThreadPoolExecutor.java:630)
	at java.base/java.lang.Thread.run(Thread.java:832)
... Removed 18 stack frames
</div> <!-- stack-trace -->
                </div> <!-- method-content -->
              </div> <!-- method -->
              <div class="method">
                <div class="method-content">
                  <a name="Login_ContactNum_Validation">
                  </a> <!-- Login_ContactNum_Validation -->
                  <span class="method-name">Login_ContactNum_Validation</span>
                  <div class="stack-trace">org.openqa.selenium.NoSuchWindowException: no such window: target window already closed
from unknown error: web view not found
  (Session info: chrome=90.0.4430.93)
Build info: version: &apos;4.0.0-alpha-3&apos;, revision: &apos;8c567de6dc&apos;
System info: host: &apos;MJ0AKW9S&apos;, ip: &apos;192.168.0.16&apos;, os.name: &apos;Windows 10&apos;, os.arch: &apos;amd64&apos;, os.version: &apos;10.0&apos;, java.version: &apos;15.0.2&apos;
Driver info: org.openqa.selenium.chrome.ChromeDriver
Capabilities {acceptInsecureCerts: false, browserName: chrome, browserVersion: 90.0.4430.93, chrome: {chromedriverVersion: 90.0.4430.24 (4c6d850f087da..., userDataDir: C:\Users\RADHE~1.SHY\AppDat...}, goog:chromeOptions: {debuggerAddress: localhost:55163}, javascriptEnabled: true, networkConnectionEnabled: false, pageLoadStrategy: normal, platform: WINDOWS, platformName: WINDOWS, proxy: Proxy(), setWindowRect: true, strictFileInteractability: false, timeouts: {implicit: 0, pageLoad: 300000, script: 30000}, unhandledPromptBehavior: dismiss and notify, webauthn:extension:largeBlob: true, webauthn:virtualAuthenticators: true}
Session ID: 4f54613e18be9de7181848fbcf19fc9c
	at org.openqa.selenium.remote.codec.w3c.W3CHttpResponseCodec.createException(W3CHttpResponseCodec.java:191)
	at org.openqa.selenium.remote.codec.w3c.W3CHttpResponseCodec.decode(W3CHttpResponseCodec.java:125)
	at org.openqa.selenium.remote.codec.w3c.W3CHttpResponseCodec.decode(W3CHttpResponseCodec.java:52)
	at org.openqa.selenium.remote.HttpCommandExecutor.execute(HttpCommandExecutor.java:161)
	at org.openqa.selenium.remote.service.DriverCommandExecutor.execute(DriverCommandExecutor.java:83)
	at org.openqa.selenium.remote.RemoteWebDriver.execute(RemoteWebDriver.java:576)
	at org.openqa.selenium.remote.RemoteWebDriver.get(RemoteWebDriver.java:276)
	at com.EchoPark.TestCases.TC_LoginTest0001.Login_ContactNum_Validation(TC_LoginTest0001.java:445)
	at java.base/java.util.ArrayList.forEach(ArrayList.java:1511)
	at java.base/java.util.concurrent.FutureTask.run(FutureTask.java:264)
	at java.base/java.util.concurrent.ThreadPoolExecutor.runWorker(ThreadPoolExecutor.java:1130)
	at java.base/java.util.concurrent.ThreadPoolExecutor$Worker.run(ThreadPoolExecutor.java:630)
	at java.base/java.lang.Thread.run(Thread.java:832)
... Removed 23 stack frames
</div> <!-- stack-trace -->
                </div> <!-- method-content -->
              </div> <!-- method -->
              <div class="method">
                <div class="method-content">
                  <a name="ResetPwdLink_Mailtrap">
                  </a> <!-- ResetPwdLink_Mailtrap -->
                  <span class="method-name">ResetPwdLink_Mailtrap</span>
                  <div class="stack-trace">org.openqa.selenium.NoSuchWindowException: no such window: target window already closed
from unknown error: web view not found
  (Session info: chrome=90.0.4430.93)
Build info: version: &apos;4.0.0-alpha-3&apos;, revision: &apos;8c567de6dc&apos;
System info: host: &apos;MJ0AKW9S&apos;, ip: &apos;192.168.0.16&apos;, os.name: &apos;Windows 10&apos;, os.arch: &apos;amd64&apos;, os.version: &apos;10.0&apos;, java.version: &apos;15.0.2&apos;
Driver info: org.openqa.selenium.chrome.ChromeDriver
Capabilities {acceptInsecureCerts: false, browserName: chrome, browserVersion: 90.0.4430.93, chrome: {chromedriverVersion: 90.0.4430.24 (4c6d850f087da..., userDataDir: C:\Users\RADHE~1.SHY\AppDat...}, goog:chromeOptions: {debuggerAddress: localhost:55163}, javascriptEnabled: true, networkConnectionEnabled: false, pageLoadStrategy: normal, platform: WINDOWS, platformName: WINDOWS, proxy: Proxy(), setWindowRect: true, strictFileInteractability: false, timeouts: {implicit: 0, pageLoad: 300000, script: 30000}, unhandledPromptBehavior: dismiss and notify, webauthn:extension:largeBlob: true, webauthn:virtualAuthenticators: true}
Session ID: 4f54613e18be9de7181848fbcf19fc9c
	at org.openqa.selenium.remote.codec.w3c.W3CHttpResponseCodec.createException(W3CHttpResponseCodec.java:191)
	at org.openqa.selenium.remote.codec.w3c.W3CHttpResponseCodec.decode(W3CHttpResponseCodec.java:125)
	at org.openqa.selenium.remote.codec.w3c.W3CHttpResponseCodec.decode(W3CHttpResponseCodec.java:52)
	at org.openqa.selenium.remote.HttpCommandExecutor.execute(HttpCommandExecutor.java:161)
	at org.openqa.selenium.remote.service.DriverCommandExecutor.execute(DriverCommandExecutor.java:83)
	at org.openqa.selenium.remote.RemoteWebDriver.execute(RemoteWebDriver.java:576)
	at org.openqa.selenium.remote.RemoteWebDriver.get(RemoteWebDriver.java:276)
	at com.EchoPark.TestCases.TC_LoginTest0001.ResetPwdLink_Mailtrap(TC_LoginTest0001.java:694)
	at java.base/java.util.ArrayList.forEach(ArrayList.java:1511)
	at java.base/java.util.concurrent.FutureTask.run(FutureTask.java:264)
	at java.base/java.util.concurrent.ThreadPoolExecutor.runWorker(ThreadPoolExecutor.java:1130)
	at java.base/java.util.concurrent.ThreadPoolExecutor$Worker.run(ThreadPoolExecutor.java:630)
	at java.base/java.lang.Thread.run(Thread.java:832)
... Removed 23 stack frames
</div> <!-- stack-trace -->
                </div> <!-- method-content -->
              </div> <!-- method -->
              <div class="method">
                <div class="method-content">
                  <a name="loginTest_Happypath">
                  </a> <!-- loginTest_Happypath -->
                  <span class="method-name">loginTest_Happypath</span>
                  <div class="stack-trace">java.lang.AssertionError: expected [true] but found [false]
	at com.EchoPark.TestCases.TC_LoginTest0001.loginTest_Happypath(TC_LoginTest0001.java:293)
	at java.base/java.util.ArrayList.forEach(ArrayList.java:1511)
	at java.base/java.util.concurrent.FutureTask.run(FutureTask.java:264)
	at java.base/java.util.concurrent.ThreadPoolExecutor.runWorker(ThreadPoolExecutor.java:1130)
	at java.base/java.util.concurrent.ThreadPoolExecutor$Worker.run(ThreadPoolExecutor.java:630)
	at java.base/java.lang.Thread.run(Thread.java:832)
... Removed 22 stack frames
</div> <!-- stack-trace -->
                </div> <!-- method-content -->
              </div> <!-- method -->
            </div> <!-- main-panel-content rounded-window-bottom -->
          </div> <!-- suite-EchoParkV0001-class-failed -->
          <div class="suite-EchoParkV0001-class-passed">
            <div class="main-panel-header rounded-window-top">
              <img src="passed.png"/>
              <span class="class-name">com.EchoPark.TestCases.TC_LoginTest0001</span>
            </div> <!-- main-panel-header rounded-window-top -->
            <div class="main-panel-content rounded-window-bottom">
              <div class="method">
                <div class="method-content">
                  <a name="LoginTest_ForgotPwd">
                  </a> <!-- LoginTest_ForgotPwd -->
                  <span class="method-name">LoginTest_ForgotPwd</span>
                </div> <!-- method-content -->
              </div> <!-- method -->
              <div class="method">
                <div class="method-content">
                  <a name="LoginTest_TimingInfo_Banner">
                  </a> <!-- LoginTest_TimingInfo_Banner -->
                  <span class="method-name">LoginTest_TimingInfo_Banner</span>
                </div> <!-- method-content -->
              </div> <!-- method -->
              <div class="method">
                <div class="method-content">
                  <a name="LoginTest_Validate_PhNumber">
                  </a> <!-- LoginTest_Validate_PhNumber -->
                  <span class="method-name">LoginTest_Validate_PhNumber</span>
                </div> <!-- method-content -->
              </div> <!-- method -->
              <div class="method">
                <div class="method-content">
                  <a name="LoginTest_WeekInfo_Banner">
                  </a> <!-- LoginTest_WeekInfo_Banner -->
                  <span class="method-name">LoginTest_WeekInfo_Banner</span>
                </div> <!-- method-content -->
              </div> <!-- method -->
              <div class="method">
                <div class="method-content">
                  <a name="RestPwd_EmailValidation">
                  </a> <!-- RestPwd_EmailValidation -->
                  <span class="method-name">RestPwd_EmailValidation</span>
                </div> <!-- method-content -->
              </div> <!-- method -->
              <div class="method">
                <div class="method-content">
                  <a name="loginTest_InvalidIdPwd">
                  </a> <!-- loginTest_InvalidIdPwd -->
                  <span class="method-name">loginTest_InvalidIdPwd</span>
                </div> <!-- method-content -->
              </div> <!-- method -->
              <div class="method">
                <div class="method-content">
                  <a name="loginTest_InvalidUname">
                  </a> <!-- loginTest_InvalidUname -->
                  <span class="method-name">loginTest_InvalidUname</span>
                </div> <!-- method-content -->
              </div> <!-- method -->
              <div class="method">
                <div class="method-content">
                  <a name="loginTest_NoPwd">
                  </a> <!-- loginTest_NoPwd -->
                  <span class="method-name">loginTest_NoPwd</span>
                </div> <!-- method-content -->
              </div> <!-- method -->
              <div class="method">
                <div class="method-content">
                  <a name="loginTest_NoUname">
                  </a> <!-- loginTest_NoUname -->
                  <span class="method-name">loginTest_NoUname</span>
                </div> <!-- method-content -->
              </div> <!-- method -->
              <div class="method">
                <div class="method-content">
                  <a name="loginTest_loginFrameFoot">
                  </a> <!-- loginTest_loginFrameFoot -->
                  <span class="method-name">loginTest_loginFrameFoot</span>
                </div> <!-- method-content -->
              </div> <!-- method -->
              <div class="method">
                <div class="method-content">
                  <a name="loginTest_loginFrameVerbiage">
                  </a> <!-- loginTest_loginFrameVerbiage -->
                  <span class="method-name">loginTest_loginFrameVerbiage</span>
                </div> <!-- method-content -->
              </div> <!-- method -->
            </div> <!-- main-panel-content rounded-window-bottom -->
          </div> <!-- suite-EchoParkV0001-class-passed -->
        </div> <!-- panel EchoParkV0001 -->
        <div panel-name="test-xml-EchoParkV0001" class="panel">
          <div class="main-panel-header rounded-window-top">
            <span class="header-content">C:\Users\radhe.shyam\eclipse-workspace\EchoParkV001\testNG.xml</span>
          </div> <!-- main-panel-header rounded-window-top -->
          <div class="main-panel-content rounded-window-bottom">
            <pre>
&lt;?xml version=&quot;1.0&quot; encoding=&quot;UTF-8&quot;?&gt;
&lt;!DOCTYPE suite SYSTEM &quot;https://testng.org/testng-1.0.dtd&quot;&gt;
&lt;suite thread-count=&quot;1&quot; parallel=&quot;tests&quot; name=&quot;EchoParkV0001&quot; guice-stage=&quot;DEVELOPMENT&quot;&gt;
  &lt;listeners&gt;
    &lt;listener class-name=&quot;com.EchoPark.Utilities.ExtentReportManager1&quot;/&gt;
  &lt;/listeners&gt;
  &lt;test thread-count=&quot;1&quot; parallel=&quot;tests&quot; name=&quot;TC_LoginTest0001_Chrome_Browser&quot;&gt;
    &lt;parameter name=&quot;browser&quot; value=&quot;chrome&quot;/&gt;
    &lt;classes&gt;
      &lt;class name=&quot;com.EchoPark.TestCases.TC_LoginTest0001&quot;/&gt;
    &lt;/classes&gt;
  &lt;/test&gt; &lt;!-- TC_LoginTest0001_Chrome_Browser --&gt;
&lt;/suite&gt; &lt;!-- EchoParkV0001 --&gt;
            </pre>
          </div> <!-- main-panel-content rounded-window-bottom -->
        </div> <!-- panel -->
        <div panel-name="testlist-EchoParkV0001" class="panel">
          <div class="main-panel-header rounded-window-top">
            <span class="header-content">Tests for EchoParkV0001</span>
          </div> <!-- main-panel-header rounded-window-top -->
          <div class="main-panel-content rounded-window-bottom">
            <ul>
              <li>
                <span class="test-name">TC_LoginTest0001_Chrome_Browser (1 class)</span>
              </li>
            </ul>
          </div> <!-- main-panel-content rounded-window-bottom -->
        </div> <!-- panel -->
        <div panel-name="group-EchoParkV0001" class="panel">
          <div class="main-panel-header rounded-window-top">
            <span class="header-content">Groups for EchoParkV0001</span>
          </div> <!-- main-panel-header rounded-window-top -->
          <div class="main-panel-content rounded-window-bottom">
          </div> <!-- main-panel-content rounded-window-bottom -->
        </div> <!-- panel -->
        <div panel-name="times-EchoParkV0001" class="panel">
          <div class="main-panel-header rounded-window-top">
            <span class="header-content">Times for EchoParkV0001</span>
          </div> <!-- main-panel-header rounded-window-top -->
          <div class="main-panel-content rounded-window-bottom">
            <div class="times-div">
              <script type="text/javascript">
suiteTableInitFunctions.push('tableData_EchoParkV0001');
function tableData_EchoParkV0001() {
var data = new google.visualization.DataTable();
data.addColumn('number', 'Number');
data.addColumn('string', 'Method');
data.addColumn('string', 'Class');
data.addColumn('number', 'Time (ms)');
data.addRows(18);
data.setCell(0, 0, 0)
data.setCell(0, 1, 'LoginTest_InvalidPwd')
data.setCell(0, 2, 'com.EchoPark.TestCases.TC_LoginTest0001')
data.setCell(0, 3, 8098);
data.setCell(1, 0, 1)
data.setCell(1, 1, 'loginTest_Happypath')
data.setCell(1, 2, 'com.EchoPark.TestCases.TC_LoginTest0001')
data.setCell(1, 3, 4671);
data.setCell(2, 0, 2)
data.setCell(2, 1, 'loginTest_NoUname')
data.setCell(2, 2, 'com.EchoPark.TestCases.TC_LoginTest0001')
data.setCell(2, 3, 3940);
data.setCell(3, 0, 3)
data.setCell(3, 1, 'RestPwd_EmailValidation')
data.setCell(3, 2, 'com.EchoPark.TestCases.TC_LoginTest0001')
data.setCell(3, 3, 3781);
data.setCell(4, 0, 4)
data.setCell(4, 1, 'loginTest_InvalidUname')
data.setCell(4, 2, 'com.EchoPark.TestCases.TC_LoginTest0001')
data.setCell(4, 3, 2473);
data.setCell(5, 0, 5)
data.setCell(5, 1, 'loginTest_NoPwd')
data.setCell(5, 2, 'com.EchoPark.TestCases.TC_LoginTest0001')
data.setCell(5, 3, 2470);
data.setCell(6, 0, 6)
data.setCell(6, 1, 'ForgotPwd_ValidEmail_validatation')
data.setCell(6, 2, 'com.EchoPark.TestCases.TC_LoginTest0001')
data.setCell(6, 3, 1650);
data.setCell(7, 0, 7)
data.setCell(7, 1, 'loginTest_InvalidIdPwd')
data.setCell(7, 2, 'com.EchoPark.TestCases.TC_LoginTest0001')
data.setCell(7, 3, 805);
data.setCell(8, 0, 8)
data.setCell(8, 1, 'LoginTest_ForgotPwd')
data.setCell(8, 2, 'com.EchoPark.TestCases.TC_LoginTest0001')
data.setCell(8, 3, 664);
data.setCell(9, 0, 9)
data.setCell(9, 1, 'LoginTest_TimingInfo_Banner')
data.setCell(9, 2, 'com.EchoPark.TestCases.TC_LoginTest0001')
data.setCell(9, 3, 261);
data.setCell(10, 0, 10)
data.setCell(10, 1, 'LoginTest_Validate_PhNumber')
data.setCell(10, 2, 'com.EchoPark.TestCases.TC_LoginTest0001')
data.setCell(10, 3, 240);
data.setCell(11, 0, 11)
data.setCell(11, 1, 'LoginTest_WeekInfo_Banner')
data.setCell(11, 2, 'com.EchoPark.TestCases.TC_LoginTest0001')
data.setCell(11, 3, 239);
data.setCell(12, 0, 12)
data.setCell(12, 1, 'loginTest_loginFrameVerbiage')
data.setCell(12, 2, 'com.EchoPark.TestCases.TC_LoginTest0001')
data.setCell(12, 3, 196);
data.setCell(13, 0, 13)
data.setCell(13, 1, 'loginTest_loginFrameFoot')
data.setCell(13, 2, 'com.EchoPark.TestCases.TC_LoginTest0001')
data.setCell(13, 3, 195);
data.setCell(14, 0, 14)
data.setCell(14, 1, 'ResetPwdLink_Mailtrap')
data.setCell(14, 2, 'com.EchoPark.TestCases.TC_LoginTest0001')
data.setCell(14, 3, 21);
data.setCell(15, 0, 15)
data.setCell(15, 1, 'LoginPage_ContactUS_Email')
data.setCell(15, 2, 'com.EchoPark.TestCases.TC_LoginTest0001')
data.setCell(15, 3, 11);
data.setCell(16, 0, 16)
data.setCell(16, 1, 'Login_ContactNum_Validation')
data.setCell(16, 2, 'com.EchoPark.TestCases.TC_LoginTest0001')
data.setCell(16, 3, 10);
data.setCell(17, 0, 17)
data.setCell(17, 1, 'LoginPage_logo_comparison')
data.setCell(17, 2, 'com.EchoPark.TestCases.TC_LoginTest0001')
data.setCell(17, 3, 5);
window.suiteTableData['EchoParkV0001']= { tableData: data, tableDiv: 'times-div-EchoParkV0001'}
return data;
}
              </script>
              <span class="suite-total-time">Total running time: 32 seconds</span>
              <div id="times-div-EchoParkV0001">
              </div> <!-- times-div-EchoParkV0001 -->
            </div> <!-- times-div -->
          </div> <!-- main-panel-content rounded-window-bottom -->
        </div> <!-- panel -->
        <div panel-name="reporter-EchoParkV0001" class="panel">
          <div class="main-panel-header rounded-window-top">
            <span class="header-content">Reporter output for EchoParkV0001</span>
          </div> <!-- main-panel-header rounded-window-top -->
          <div class="main-panel-content rounded-window-bottom">
          </div> <!-- main-panel-content rounded-window-bottom -->
        </div> <!-- panel -->
        <div panel-name="ignored-methods-EchoParkV0001" class="panel">
          <div class="main-panel-header rounded-window-top">
            <span class="header-content">0 ignored methods</span>
          </div> <!-- main-panel-header rounded-window-top -->
          <div class="main-panel-content rounded-window-bottom">
          </div> <!-- main-panel-content rounded-window-bottom -->
        </div> <!-- panel -->
        <div panel-name="chronological-EchoParkV0001" class="panel">
          <div class="main-panel-header rounded-window-top">
            <span class="header-content">Methods in chronological order</span>
          </div> <!-- main-panel-header rounded-window-top -->
          <div class="main-panel-content rounded-window-bottom">
            <div class="chronological-class">
              <div class="chronological-class-name">com.EchoPark.TestCases.TC_LoginTest0001</div> <!-- chronological-class-name -->
              <div class="configuration-class before">
                <span class="method-name">setup(chrome)</span>
                <span class="method-start">0 ms</span>
              </div> <!-- configuration-class before -->
              <div class="test-method">
                <span class="method-name">loginTest_NoUname</span>
                <span class="method-start">2187 ms</span>
              </div> <!-- test-method -->
              <div class="test-method">
                <span class="method-name">loginTest_NoPwd</span>
                <span class="method-start">6149 ms</span>
              </div> <!-- test-method -->
              <div class="test-method">
                <span class="method-name">loginTest_InvalidUname</span>
                <span class="method-start">8623 ms</span>
              </div> <!-- test-method -->
              <div class="test-method">
                <span class="method-name">loginTest_InvalidIdPwd</span>
                <span class="method-start">11098 ms</span>
              </div> <!-- test-method -->
              <div class="test-method">
                <span class="method-name">loginTest_loginFrameVerbiage</span>
                <span class="method-start">11905 ms</span>
              </div> <!-- test-method -->
              <div class="test-method">
                <span class="method-name">loginTest_loginFrameFoot</span>
                <span class="method-start">12103 ms</span>
              </div> <!-- test-method -->
              <div class="test-method">
                <img src="failed.png">
                </img>
                <span class="method-name">loginTest_Happypath</span>
                <span class="method-start">12300 ms</span>
              </div> <!-- test-method -->
              <div class="test-method">
                <span class="method-name">LoginTest_ForgotPwd</span>
                <span class="method-start">16975 ms</span>
              </div> <!-- test-method -->
              <div class="test-method">
                <span class="method-name">RestPwd_EmailValidation</span>
                <span class="method-start">17640 ms</span>
              </div> <!-- test-method -->
              <div class="test-method">
                <img src="failed.png">
                </img>
                <span class="method-name">ForgotPwd_ValidEmail_validatation</span>
                <span class="method-start">21423 ms</span>
              </div> <!-- test-method -->
              <div class="test-method">
                <span class="method-name">LoginTest_Validate_PhNumber</span>
                <span class="method-start">23075 ms</span>
              </div> <!-- test-method -->
              <div class="test-method">
                <span class="method-name">LoginTest_WeekInfo_Banner</span>
                <span class="method-start">23319 ms</span>
              </div> <!-- test-method -->
              <div class="test-method">
                <span class="method-name">LoginTest_TimingInfo_Banner</span>
                <span class="method-start">23560 ms</span>
              </div> <!-- test-method -->
              <div class="test-method">
                <img src="failed.png">
                </img>
                <span class="method-name">LoginTest_InvalidPwd</span>
                <span class="method-start">23822 ms</span>
              </div> <!-- test-method -->
              <div class="test-method">
                <img src="failed.png">
                </img>
                <span class="method-name">ResetPwdLink_Mailtrap</span>
                <span class="method-start">31925 ms</span>
              </div> <!-- test-method -->
              <div class="test-method">
                <img src="failed.png">
                </img>
                <span class="method-name">LoginPage_logo_comparison</span>
                <span class="method-start">31951 ms</span>
              </div> <!-- test-method -->
              <div class="test-method">
                <img src="failed.png">
                </img>
                <span class="method-name">LoginPage_ContactUS_Email</span>
                <span class="method-start">31961 ms</span>
              </div> <!-- test-method -->
              <div class="test-method">
                <img src="failed.png">
                </img>
                <span class="method-name">Login_ContactNum_Validation</span>
                <span class="method-start">31977 ms</span>
              </div> <!-- test-method -->
              <div class="configuration-class after">
                <span class="method-name">tearDown</span>
                <span class="method-start">31999 ms</span>
              </div> <!-- configuration-class after -->
          </div> <!-- main-panel-content rounded-window-bottom -->
        </div> <!-- panel -->
      </div> <!-- main-panel-root -->
    </div> <!-- wrapper -->
  </body>
<script type="text/javascript" src="testng-reports2.js"></script>
</html>
